
		Tue Sep 17 2024
13:35:40 { Loading plugin 1: Type `plain', file `wikiv' in `../hosting'
13:35:40   FAILED  plugin 1: Unable to locate file }
13:35:40 { Loading plugin 2: Type `plain', file `mediawiki' in `../hosting'
13:35:40   FAILED  plugin 2: Unable to locate file }
13:35:40 { Loading plugin 3: Type `plain', file `creolewiki' in `../hosting'
13:35:40   FAILED  plugin 3: Unable to locate file }
13:35:40 { Loading plugin 4: Type `plain', file `im' in `../hosting'
13:35:40   FAILED  plugin 4: Unable to locate file }
13:35:40 { Loading plugin 6: Type `plain', file `proj4' in `../hosting'
13:35:40   FAILED  plugin 6: Unable to locate file }
13:35:40 { Loading plugin 7: Type `plain', file `geos' in `../hosting'
13:35:40   plain version 1.2.3240 from OpenLink Software
13:35:40   GEOS plugin based on Geometry Engine Open Source library from Open Source Geospatial Foundation
13:35:40   SUCCESS plugin 7: loaded from ../hosting/geos.so }
13:35:40 { Loading plugin 8: Type `plain', file `shapefileio' in `../hosting'
13:35:40   ShapefileIO version 0.1virt71 from OpenLink Software
13:35:40   Shapefile support based on Frank Warmerdam's Shapelib
13:35:40   SUCCESS plugin 8: loaded from ../hosting/shapefileio.so }
13:35:40 { Loading plugin 9: Type `plain', file `graphql' in `../hosting'
13:35:40   GraphQL/SPARQL Bridge version 0.9.3 (a1fd8195b) from OpenLink Software
13:35:40   Support functions for GraphQL/SPARQL Bridge
13:35:40   SUCCESS plugin 9: loaded from ../hosting/graphql.so }
13:35:40 OpenLink Virtuoso Universal Server
13:35:40 Version 07.20.3240-pthreads for Linux as of Jun 10 2024 (a1fd8195b)
13:35:40 uses OpenSSL 1.1.1f  31 Mar 2020
13:35:40 uses parts of PCRE, Html Tidy
13:35:40 SQL Optimizer enabled (max 1000 layouts)
13:35:40 Compiler unit is timed at 0.000248 msec
13:35:41 Checkpoint started
13:35:41 Checkpoint finished.
13:35:41 Roll forward started
13:35:41 Roll forward complete
13:35:42 PL LOG: Installing Virtuoso Conductor version 1.00.8869 (DAV)
13:35:42 PL LOG: Installing with dependencies Virtuoso Conductor version 1.00.8869/2024-06-10 14:48 (DAV)
13:35:42 Checkpoint started
13:35:42 Checkpoint finished, log reused
13:35:43 Checkpoint started
13:35:43 Checkpoint finished, log reused
13:35:43 PL LOG: Installation with dependencies complete
13:35:43 Checkpoint started
13:35:43 Checkpoint finished, log reused
13:35:43 HTTP/WebDAV server online at 8893
13:35:43 Server online at 1112 (pid 1)
